<?xml version="1.0" encoding="UTF-8"?>
<!-- Generated by org.testng.reporters.JUnitXMLReporter -->
<testsuite hostname="pcch-divyag" ignored="0" name="Multiple Gateway" tests="2" failures="1" timestamp="27 Feb 2019 09:29:10 GMT" time="109.275" errors="0">
  <testcase name="Tc01AddMultipleGatewayExisting" time="25.197" classname="zf.test.ZFADDMultipleGatewayTest"/>
  <testcase name="Tc01AddMultipleGatewayNew" time="0.198" classname="zf.test.ZFADDMultipleGatewayTest">
    <failure type="java.lang.AssertionError" message="TIMEOUT EXCEPTION element does not exist after waiting 90 seconds - By.xpath: //p-radiobutton[@label=&amp;apos;MULTIPLE GATEWAY&amp;apos;]//div[@class=&amp;apos;ui-radiobutton ui-widget&amp;apos;] not found">
      <![CDATA[java.lang.AssertionError: TIMEOUT EXCEPTION element does not exist after waiting 90 seconds - By.xpath: //p-radiobutton[@label='MULTIPLE GATEWAY']//div[@class='ui-radiobutton ui-widget'] not found
at framework.ElementManager.elementCatch(ElementManager.java:679)
at framework.ElementManager.elementClicks(ElementManager.java:767)
at zf.pages.ZFAddMultipleGatewayPage.selectMultipleGatewayRadioButton(ZFAddMultipleGatewayPage.java:33)
at zf.pages.ZFAddMultipleGatewayPage.addMultipleGatewayNew(ZFAddMultipleGatewayPage.java:41)
at zf.test.ZFADDMultipleGatewayTest.Tc01AddMultipleGatewayNew(ZFADDMultipleGatewayTest.java:32)
... Removed 26 stack frames]]>
    </failure>
  </testcase> <!-- Tc01AddMultipleGatewayNew -->
</testsuite> <!-- Multiple Gateway -->
