<?xml version="1.0" encoding="UTF-8"?>
<!-- Generated by org.testng.reporters.JUnitXMLReporter -->
<testsuite hostname="pcch-divyag" ignored="0" name="Single Gateway" tests="7" failures="1" timestamp="28 Feb 2019 12:02:43 GMT" time="849.164" errors="0">
  <testcase name="Tc01addSingleGateway" time="124.599" classname="zf.test.ZFAddSingleGatewayTest"/>
  <testcase name="Tc01AddMultipleGatewayNew" time="65.455" classname="zf.test.ZFADDMultipleGatewayTest"/>
  <testcase name="Tc02AddMultipleGatewayExisting" time="68.815" classname="zf.test.ZFADDMultipleGatewayTest"/>
  <testcase name="AddSubClient" time="138.324" classname="zf.test.ZFAddClientTest"/>
  <testcase name="Tc01addUser" time="115.407" classname="zf.test.ZFUserHomeTest"/>
  <testcase name="Tc02editUser" time="88.106" classname="zf.test.ZFUserHomeTest"/>
  <testcase name="Tc03DeleteUser" time="68.887" classname="zf.test.ZFUserHomeTest">
    <failure type="java.lang.AssertionError" message="TIMEOUT EXCEPTION element does not exist after waiting 90 seconds - Delete user">
      <![CDATA[java.lang.AssertionError: TIMEOUT EXCEPTION element does not exist after waiting 90 seconds - Delete user
at framework.ElementManager.elementCatch(ElementManager.java:678)
at framework.ElementManager.elementClick(ElementManager.java:61)
at zf.pages.ZFUserHomePage.deleteUser(ZFUserHomePage.java:87)
at zf.test.ZFUserHomeTest.Tc03DeleteUser(ZFUserHomeTest.java:37)
... Removed 26 stack frames]]>
    </failure>
  </testcase> <!-- Tc03DeleteUser -->
</testsuite> <!-- Single Gateway -->
