<?xml version="1.0" encoding="UTF-8"?>
<!-- Generated by org.testng.reporters.JUnitXMLReporter -->
<testsuite hostname="lpch-ee210491" ignored="0" name="Nopackage" tests="5" failures="0" timestamp="15 Feb 2019 10:45:55 GMT" time="74.406" errors="0">
  <testcase name="LoginTc001" time="0.014" classname="framework.Login"/>
  <testcase name="LoginTc002" time="0.005" classname="framework.Login"/>
  <testcase name="LoginTc003" time="0.009" classname="framework.Login"/>
  <testcase name="LoginTc004" time="0.013" classname="framework.Login"/>
  <testcase name="LoginTc005" time="0.008" classname="framework.Login"/>
</testsuite> <!-- Nopackage -->
